<?xml version="1.0" encoding="UTF-8"?>
<testng-results skipped="0" failed="0" ignored="0" total="1" passed="1">
  <reporter-output>
  </reporter-output>
  <suite name="Default suite" duration-ms="35531" started-at="2017-05-05T05:01:36Z" finished-at="2017-05-05T05:02:12Z">
    <groups>
    </groups>
    <test name="Default test" duration-ms="35531" started-at="2017-05-05T05:01:36Z" finished-at="2017-05-05T05:02:12Z">
      <class name="Login_TestNG">
        <test-method status="PASS" signature="beforeTest()[pri:0, instance:Login_TestNG@26be92ad]" name="beforeTest" is-config="true" duration-ms="17114" started-at="2017-05-05T10:31:36Z" finished-at="2017-05-05T10:31:53Z">
          <reporter-output>
          </reporter-output>
        </test-method> <!-- beforeTest -->
        <test-method status="PASS" signature="beforeMethod()[pri:0, instance:Login_TestNG@26be92ad]" name="beforeMethod" is-config="true" duration-ms="1" started-at="2017-05-05T10:31:53Z" finished-at="2017-05-05T10:31:53Z">
          <reporter-output>
          </reporter-output>
        </test-method> <!-- beforeMethod -->
        <test-method status="PASS" signature="Booking()[pri:0, instance:Login_TestNG@26be92ad]" name="Booking" duration-ms="16981" started-at="2017-05-05T10:31:53Z" finished-at="2017-05-05T10:32:10Z">
          <reporter-output>
          </reporter-output>
        </test-method> <!-- Booking -->
        <test-method status="PASS" signature="afterMethod()[pri:0, instance:Login_TestNG@26be92ad]" name="afterMethod" is-config="true" duration-ms="0" started-at="2017-05-05T10:32:10Z" finished-at="2017-05-05T10:32:10Z">
          <reporter-output>
          </reporter-output>
        </test-method> <!-- afterMethod -->
        <test-method status="PASS" signature="afterclass()[pri:0, instance:Login_TestNG@26be92ad]" name="afterclass" is-config="true" duration-ms="1389" started-at="2017-05-05T10:32:10Z" finished-at="2017-05-05T10:32:12Z">
          <reporter-output>
          </reporter-output>
        </test-method> <!-- afterclass -->
      </class> <!-- Login_TestNG -->
    </test> <!-- Default test -->
  </suite> <!-- Default suite -->
</testng-results>
